15:12:16 [main] INFO  com.misha.mrz2.Main - input -> 
15:12:16 [main] INFO  com.misha.mrz2.network.Pattern - pattern -> 
.######..######..##.######..######.
.#....#..#....#..#.#####.#..#.##.#.
.#....#..#.##.#..#.####..#..#....#.
.######..#....#..#..##...#..######.
.#....#..#....#..#.......#..#......
.#....#..#....#..#.......#..#......
.#....#..#....#..#.......#..#......
.######..######..#.......#..######.

15:12:16 [main] INFO  com.misha.mrz2.Main - output -> 
15:12:16 [main] INFO  com.misha.mrz2.network.Pattern - pattern -> 
................
.......#........
......#.#..###..
.....#...#.#.#..
....#.....##.#..
...#.......#.#..
..#.........##..
.#############..
.#.#####.....#..
.#.#...#.....#..
.#.#...#.....#..
.#.#####.....#..
.#......######..
.#......#....#..
.#......#....#..
.#......#....#..
.#......#....#..
.#############..

15:12:16 [main] INFO  com.misha.mrz2.Main - input -> 
15:12:16 [main] INFO  com.misha.mrz2.network.Pattern - pattern -> 
..############.....#.....#......#..
..#.#......#.#....#.#....##.....#..
..#..#....#..#...#####..........#..
..#...#..#...#...#...#...#..#...#..
..#.............#.....#..#...#..#..
..#.............##..###..#....#....
..#..........#..#.....#..#.........
..#..........#..#.....#..#......#..

15:12:16 [main] INFO  com.misha.mrz2.Main - output -> 
15:12:16 [main] INFO  com.misha.mrz2.network.Pattern - pattern -> 
................
....#########...
....#.#...#.#...
....#.......#...
....#..###..#...
....#########...
........#.......
........#.......
..#############.
........#.......
........#.......
........#.......
........#.......
.......#.#......
......#...#.....
.....#.....#....
....#.......#...
...#.........#..

15:12:16 [main] INFO  com.misha.mrz2.Main - input -> 
15:12:16 [main] INFO  com.misha.mrz2.network.Pattern - pattern -> 
...###....######....#####....#####.
.#.#......#.##.#....#.#.#....#.....
.#.#......#.#..#....#...#....#.....
...#......######....#####....#####.
...#.#....#.#..#....#........#.#.#.
...#.#....####......#........#...#.
...#......#...#.....#........#...#.
...#......#....#....#####....#####.

15:12:16 [main] INFO  com.misha.mrz2.Main - output -> 
15:12:16 [main] INFO  com.misha.mrz2.network.Pattern - pattern -> 
................
....#######.....
..############..
.##############.
################
################
################
################
################
.##############.
..############..
.....#######....
.......##.......
.......##.......
.......##.......
.......##.......
.......##.......
.....######.....

15:12:16 [main] INFO  com.misha.mrz2.Main - input -> 
15:12:16 [main] INFO  com.misha.mrz2.network.Pattern - pattern -> 
................
................
......#.#.......
.....#...#......
....###..##.....
...#.#...#.#....
..#..#####..#...
.#####....####..
.#...........#..
.#...........#..
.#.##..#.....#..
.#.#####........
.............#..
.....##......#..
......#......#..
.#....#......#..
.#....#......#..
.#..####..####..

15:12:16 [main] INFO  com.misha.mrz2.Main - output -> 
15:12:16 [main] INFO  com.misha.mrz2.network.Pattern - pattern -> 
.#....#..######..##.....##..######.
.#....#..#....#..#.#...#.#..#......
.#....#..#....#..#.#..#..#..#......
.######..#....#..#..##...#..######.
.#....#..#....#..#.......#..#......
.#....#..#....#..#.......#..#......
.#....#..#....#..#.......#..#......
.#....#..######..#.......#..######.

15:12:16 [main] INFO  com.misha.mrz2.Main - input -> 
15:12:16 [main] INFO  com.misha.mrz2.network.Pattern - pattern -> 
......#..#......
....#########...
.#..#.......#...
..###.......#...
#####..###..#...
##..#.#####.#...
........#.......
........#.......
..#######.......
........#..#....
........#.#.#...
........####....
........########
.......#.####...
......#...#.....
......#....#....
......#.....#...
#######......#..

15:12:16 [main] INFO  com.misha.mrz2.Main - output -> 
15:12:16 [main] INFO  com.misha.mrz2.network.Pattern - pattern -> 
..##........##.....#.....#......#..
..#.#......#.#....#.#....##.....#..
..#..#....#..#...#...#...#.#....#..
..#...#..#...#...#...#...#..#...#..
..#....##....#..#.....#..#...#..#..
..#..........#..#######..#....#.#..
..#..........#..#.....#..#.....##..
..#..........#..#.....#..#......#..

15:12:16 [main] INFO  com.misha.mrz2.Main - input -> 
15:12:16 [main] INFO  com.misha.mrz2.network.Pattern - pattern -> 
................
....#######.....
..##...#######..
.########...###.
###..##..####.##
#######..####..#
############..##
#....###########
..###...########
.##########...#.
....##########..
.....##..###....
.......##.......
.......##.......
................
................
.......##.......
.....######.....

15:12:16 [main] INFO  com.misha.mrz2.Main - output -> 
15:12:16 [main] INFO  com.misha.mrz2.network.Pattern - pattern -> 
.#####....######....#####....#####.
...#......#....#....#........#.....
...#......#....#....#........#.....
...#......######....#####....#####.
...#......#.#.......#........#.....
...#......#..#......#........#.....
...#......#...#.....#........#.....
...#......#....#....#####....#####.

16:23:34 [main] INFO  com.misha.mrz2.Main - input -> 
16:23:34 [main] INFO  com.misha.mrz2.network.Pattern - pattern -> 
.######..######..##.######..######.
.#....#..#....#..#.#####.#..#.##.#.
.#....#..#.##.#..#.####..#..#....#.
.######..#....#..#..##...#..######.
.#....#..#....#..#.......#..#......
.#....#..#....#..#.......#..#......
.#....#..#....#..#.......#..#......
.######..######..#.......#..######.

16:23:34 [main] INFO  com.misha.mrz2.Main - output -> 
16:24:57 [main] INFO  com.misha.mrz2.Main - input -> 
16:24:57 [main] INFO  com.misha.mrz2.network.Pattern - pattern -> 
.######..######..##.######..######.
.#....#..#....#..#.#####.#..#.##.#.
.#....#..#.##.#..#.####..#..#....#.
.######..#....#..#..##...#..######.
.#....#..#....#..#.......#..#......
.#....#..#....#..#.......#..#......
.#....#..#....#..#.......#..#......
.######..######..#.......#..######.

16:24:57 [main] INFO  com.misha.mrz2.Main - output -> 
16:24:57 [main] INFO  com.misha.mrz2.network.Pattern - pattern -> 
................
.......#........
......#.#..###..
.....#...#.#.#..
....#.....##.#..
...#.......#.#..
..#.........##..
.#############..
.#.#####.....#..
.#.#...#.....#..
.#.#...#.....#..
.#.#####.....#..
.#......######..
.#......#....#..
.#......#....#..
.#......#....#..
.#......#....#..
.#############..

16:24:57 [main] INFO  com.misha.mrz2.Main - input -> 
16:24:57 [main] INFO  com.misha.mrz2.network.Pattern - pattern -> 
..############.....#.....#......#..
..#.#......#.#....#.#....##.....#..
..#..#....#..#...#####..........#..
..#...#..#...#...#...#...#..#...#..
..#.............#.....#..#...#..#..
..#.............##..###..#....#....
..#..........#..#.....#..#.........
..#..........#..#.....#..#......#..

16:24:57 [main] INFO  com.misha.mrz2.Main - output -> 
16:24:57 [main] INFO  com.misha.mrz2.network.Pattern - pattern -> 
................
....#########...
....#.#...#.#...
....#.......#...
....#..###..#...
....#########...
........#.......
........#.......
..#############.
........#.......
........#.......
........#.......
........#.......
.......#.#......
......#...#.....
.....#.....#....
....#.......#...
...#.........#..

16:24:57 [main] INFO  com.misha.mrz2.Main - input -> 
16:24:57 [main] INFO  com.misha.mrz2.network.Pattern - pattern -> 
...###....######....#####....#####.
.#.#......#.##.#....#.#.#....#.....
.#.#......#.#..#....#...#....#.....
...#......######....#####....#####.
...#.#....#.#..#....#........#.#.#.
...#.#....####......#........#...#.
...#......#...#.....#........#...#.
...#......#....#....#####....#####.

16:24:57 [main] INFO  com.misha.mrz2.Main - output -> 
16:24:57 [main] INFO  com.misha.mrz2.network.Pattern - pattern -> 
................
....#######.....
..############..
.##############.
################
################
################
################
################
.##############.
..############..
.....#######....
.......##.......
.......##.......
.......##.......
.......##.......
.......##.......
.....######.....

16:24:57 [main] INFO  com.misha.mrz2.Main - input -> 
16:24:57 [main] INFO  com.misha.mrz2.network.Pattern - pattern -> 
................
................
......#.#.......
.....#...#......
....###..##.....
...#.#...#.#....
..#..#####..#...
.#####....####..
.#...........#..
.#...........#..
.#.##..#.....#..
.#.#####........
.............#..
.....##......#..
......#......#..
.#....#......#..
.#....#......#..
.#..####..####..

16:24:57 [main] INFO  com.misha.mrz2.Main - output -> 
16:24:57 [main] INFO  com.misha.mrz2.network.Pattern - pattern -> 
................
.......#........
......#.#..###..
.....#...#.#.#..
....#.....##.#..
...#.......#.#..
..#.........##..
.#############..
.#.#####.....#..
.#.#...#.....#..
.#.#...#.....#..
.#.#####.....#..
.#......######..
.#......#....#..
.#......#....#..
.#......#....#..
.#......#....#..
.#############..

16:24:57 [main] INFO  com.misha.mrz2.Main - input -> 
16:24:57 [main] INFO  com.misha.mrz2.network.Pattern - pattern -> 
......#..#......
....#########...
.#..#.......#...
..###.......#...
#####..###..#...
##..#.#####.#...
........#.......
........#.......
..#######.......
........#..#....
........#.#.#...
........####....
........########
.......#.####...
......#...#.....
......#....#....
......#.....#...
#######......#..

16:24:57 [main] INFO  com.misha.mrz2.Main - output -> 
16:24:57 [main] INFO  com.misha.mrz2.network.Pattern - pattern -> 
................
....#########...
....#.#...#.#...
....#.......#...
....#..###..#...
....#########...
........#.......
........#.......
..#############.
........#.......
........#.......
........#.......
........#.......
.......#.#......
......#...#.....
.....#.....#....
....#.......#...
...#.........#..

16:24:57 [main] INFO  com.misha.mrz2.Main - input -> 
16:24:57 [main] INFO  com.misha.mrz2.network.Pattern - pattern -> 
................
....#######.....
..##...#######..
.########...###.
###..##..####.##
#######..####..#
############..##
#....###########
..###...########
.##########...#.
....##########..
.....##..###....
.......##.......
.......##.......
................
................
.......##.......
.....######.....

16:24:57 [main] INFO  com.misha.mrz2.Main - output -> 
16:24:57 [main] INFO  com.misha.mrz2.network.Pattern - pattern -> 
................
....#######.....
..############..
.##############.
################
################
################
################
################
.##############.
..############..
.....#######....
.......##.......
.......##.......
.......##.......
.......##.......
.......##.......
.....######.....

16:25:16 [main] INFO  com.misha.mrz2.Main - input -> 
16:25:16 [main] INFO  com.misha.mrz2.network.Pattern - pattern -> 
.######..######..##.######..######.
.#....#..#....#..#.#####.#..#.##.#.
.#....#..#.##.#..#.####..#..#....#.
.######..#....#..#..##...#..######.
.#....#..#....#..#.......#..#......
.#....#..#....#..#.......#..#......
.#....#..#....#..#.......#..#......
.######..######..#.......#..######.

16:25:16 [main] INFO  com.misha.mrz2.Main - output -> 
16:25:16 [main] INFO  com.misha.mrz2.network.Pattern - pattern -> 
................
.......#........
......#.#..###..
.....#...#.#.#..
....#.....##.#..
...#.......#.#..
..#.........##..
.#############..
.#.#####.....#..
.#.#...#.....#..
.#.#...#.....#..
.#.#####.....#..
.#......######..
.#......#....#..
.#......#....#..
.#......#....#..
.#......#....#..
.#############..

16:25:16 [main] INFO  com.misha.mrz2.Main - input -> 
16:25:16 [main] INFO  com.misha.mrz2.network.Pattern - pattern -> 
..############.....#.....#......#..
..#.#......#.#....#.#....##.....#..
..#..#....#..#...#####..........#..
..#...#..#...#...#...#...#..#...#..
..#.............#.....#..#...#..#..
..#.............##..###..#....#....
..#..........#..#.....#..#.........
..#..........#..#.....#..#......#..

16:25:16 [main] INFO  com.misha.mrz2.Main - output -> 
16:25:16 [main] INFO  com.misha.mrz2.network.Pattern - pattern -> 
................
....#########...
....#.#...#.#...
....#.......#...
....#..###..#...
....#########...
........#.......
........#.......
..#############.
........#.......
........#.......
........#.......
........#.......
.......#.#......
......#...#.....
.....#.....#....
....#.......#...
...#.........#..

16:25:16 [main] INFO  com.misha.mrz2.Main - input -> 
16:25:16 [main] INFO  com.misha.mrz2.network.Pattern - pattern -> 
...###....######....#####....#####.
.#.#......#.##.#....#.#.#....#.....
.#.#......#.#..#....#...#....#.....
...#......######....#####....#####.
...#.#....#.#..#....#........#.#.#.
...#.#....####......#........#...#.
...#......#...#.....#........#...#.
...#......#....#....#####....#####.

16:25:16 [main] INFO  com.misha.mrz2.Main - output -> 
16:25:16 [main] INFO  com.misha.mrz2.network.Pattern - pattern -> 
................
....#######.....
..############..
.##############.
################
################
################
################
################
.##############.
..############..
.....#######....
.......##.......
.......##.......
.......##.......
.......##.......
.......##.......
.....######.....

16:25:16 [main] INFO  com.misha.mrz2.Main - input -> 
16:25:16 [main] INFO  com.misha.mrz2.network.Pattern - pattern -> 
................
................
......#.#.......
.....#...#......
....###..##.....
...#.#...#.#....
..#..#####..#...
.#####....####..
.#...........#..
.#...........#..
.#.##..#.....#..
.#.#####........
.............#..
.....##......#..
......#......#..
.#....#......#..
.#....#......#..
.#..####..####..

16:25:16 [main] INFO  com.misha.mrz2.Main - output -> 
16:26:12 [main] INFO  com.misha.mrz2.Main - input -> 
16:26:12 [main] INFO  com.misha.mrz2.network.Pattern - pattern -> 
.######..######..##.######..######.
.#....#..#....#..#.#####.#..#.##.#.
.#....#..#.##.#..#.####..#..#....#.
.######..#....#..#..##...#..######.
.#....#..#....#..#.......#..#......
.#....#..#....#..#.......#..#......
.#....#..#....#..#.......#..#......
.######..######..#.......#..######.

16:26:12 [main] INFO  com.misha.mrz2.Main - output -> 
16:26:12 [main] INFO  com.misha.mrz2.network.Pattern - pattern -> 
................
.......#........
......#.#..###..
.....#...#.#.#..
....#.....##.#..
...#.......#.#..
..#.........##..
.#############..
.#.#####.....#..
.#.#...#.....#..
.#.#...#.....#..
.#.#####.....#..
.#......######..
.#......#....#..
.#......#....#..
.#......#....#..
.#......#....#..
.#############..

16:26:12 [main] INFO  com.misha.mrz2.Main - input -> 
16:26:12 [main] INFO  com.misha.mrz2.network.Pattern - pattern -> 
..############.....#.....#......#..
..#.#......#.#....#.#....##.....#..
..#..#....#..#...#####..........#..
..#...#..#...#...#...#...#..#...#..
..#.............#.....#..#...#..#..
..#.............##..###..#....#....
..#..........#..#.....#..#.........
..#..........#..#.....#..#......#..

16:26:12 [main] INFO  com.misha.mrz2.Main - output -> 
16:26:12 [main] INFO  com.misha.mrz2.network.Pattern - pattern -> 
................
....#########...
....#.#...#.#...
....#.......#...
....#..###..#...
....#########...
........#.......
........#.......
..#############.
........#.......
........#.......
........#.......
........#.......
.......#.#......
......#...#.....
.....#.....#....
....#.......#...
...#.........#..

16:26:12 [main] INFO  com.misha.mrz2.Main - input -> 
16:26:12 [main] INFO  com.misha.mrz2.network.Pattern - pattern -> 
...###....######....#####....#####.
.#.#......#.##.#....#.#.#....#.....
.#.#......#.#..#....#...#....#.....
...#......######....#####....#####.
...#.#....#.#..#....#........#.#.#.
...#.#....####......#........#...#.
...#......#...#.....#........#...#.
...#......#....#....#####....#####.

16:26:12 [main] INFO  com.misha.mrz2.Main - output -> 
16:26:12 [main] INFO  com.misha.mrz2.network.Pattern - pattern -> 
................
....#######.....
..############..
.##############.
################
################
################
################
################
.##############.
..############..
.....#######....
.......##.......
.......##.......
.......##.......
.......##.......
.......##.......
.....######.....

16:26:12 [main] INFO  com.misha.mrz2.Main - input -> 
16:26:12 [main] INFO  com.misha.mrz2.network.Pattern - pattern -> 
................
................
......#.#.......
.....#...#......
....###..##.....
...#.#...#.#....
..#..#####..#...
.#####....####..
.#...........#..
.#...........#..
.#.##..#.....#..
.#.#####........
.............#..
.....##......#..
......#......#..
.#....#......#..
.#....#......#..
.#..####..####..

16:26:12 [main] INFO  com.misha.mrz2.Main - output -> 
16:26:12 [main] INFO  com.misha.mrz2.network.Pattern - pattern -> 
.#....#..######..##.....##..######.
.#....#..#....#..#.#...#.#..#......
.#....#..#....#..#.#..#..#..#......
.######..#....#..#..##...#..######.
.#....#..#....#..#.......#..#......
.#....#..#....#..#.......#..#......
.#....#..#....#..#.......#..#......
.#....#..######..#.......#..######.

16:26:12 [main] INFO  com.misha.mrz2.Main - input -> 
16:26:12 [main] INFO  com.misha.mrz2.network.Pattern - pattern -> 
......#..#......
....#########...
.#..#.......#...
..###.......#...
#####..###..#...
##..#.#####.#...
........#.......
........#.......
..#######.......
........#..#....
........#.#.#...
........####....
........########
.......#.####...
......#...#.....
......#....#....
......#.....#...
#######......#..

16:26:12 [main] INFO  com.misha.mrz2.Main - output -> 
16:26:12 [main] INFO  com.misha.mrz2.network.Pattern - pattern -> 
..##........##.....#.....#......#..
..#.#......#.#....#.#....##.....#..
..#..#....#..#...#...#...#.#....#..
..#...#..#...#...#...#...#..#...#..
..#....##....#..#.....#..#...#..#..
..#..........#..#######..#....#.#..
..#..........#..#.....#..#.....##..
..#..........#..#.....#..#......#..

16:26:12 [main] INFO  com.misha.mrz2.Main - input -> 
16:26:12 [main] INFO  com.misha.mrz2.network.Pattern - pattern -> 
................
....#######.....
..##...#######..
.########...###.
###..##..####.##
#######..####..#
############..##
#....###########
..###...########
.##########...#.
....##########..
.....##..###....
.......##.......
.......##.......
................
................
.......##.......
.....######.....

16:26:12 [main] INFO  com.misha.mrz2.Main - output -> 
16:26:12 [main] INFO  com.misha.mrz2.network.Pattern - pattern -> 
.#####....######....#####....#####.
...#......#....#....#........#.....
...#......#....#....#........#.....
...#......######....#####....#####.
...#......#.#.......#........#.....
...#......#..#......#........#.....
...#......#...#.....#........#.....
...#......#....#....#####....#####.

16:34:57 [main] INFO  com.misha.mrz2.Main - input -> 
16:34:57 [main] INFO  com.misha.mrz2.network.Pattern - pattern -> 
.######..######..##.######..######.
.#....#..#....#..#.#####.#..#.##.#.
.#....#..#.##.#..#.####..#..#....#.
.######..#....#..#..##...#..######.
.#....#..#....#..#.......#..#......
.#....#..#....#..#.......#..#......
.#....#..#....#..#.......#..#......
.######..######..#.......#..######.

16:34:57 [main] INFO  com.misha.mrz2.Main - output -> 
16:34:57 [main] INFO  com.misha.mrz2.network.BidirectionalAssociativeMemory - iterations- 2
16:34:57 [main] INFO  com.misha.mrz2.network.Pattern - pattern -> 
................
.......#........
......#.#..###..
.....#...#.#.#..
....#.....##.#..
...#.......#.#..
..#.........##..
.#############..
.#.#####.....#..
.#.#...#.....#..
.#.#...#.....#..
.#.#####.....#..
.#......######..
.#......#....#..
.#......#....#..
.#......#....#..
.#......#....#..
.#############..

16:34:57 [main] INFO  com.misha.mrz2.Main - input -> 
16:34:57 [main] INFO  com.misha.mrz2.network.Pattern - pattern -> 
..############.....#.....#......#..
..#.#......#.#....#.#....##.....#..
..#..#....#..#...#####..........#..
..#...#..#...#...#...#...#..#...#..
..#.............#.....#..#...#..#..
..#.............##..###..#....#....
..#..........#..#.....#..#.........
..#..........#..#.....#..#......#..

16:34:57 [main] INFO  com.misha.mrz2.Main - output -> 
16:34:57 [main] INFO  com.misha.mrz2.network.BidirectionalAssociativeMemory - iterations- 2
16:34:57 [main] INFO  com.misha.mrz2.network.Pattern - pattern -> 
................
....#########...
....#.#...#.#...
....#.......#...
....#..###..#...
....#########...
........#.......
........#.......
..#############.
........#.......
........#.......
........#.......
........#.......
.......#.#......
......#...#.....
.....#.....#....
....#.......#...
...#.........#..

16:34:57 [main] INFO  com.misha.mrz2.Main - input -> 
16:34:57 [main] INFO  com.misha.mrz2.network.Pattern - pattern -> 
...###....######....#####....#####.
.#.#......#.##.#....#.#.#....#.....
.#.#......#.#..#....#...#....#.....
...#......######....#####....#####.
...#.#....#.#..#....#........#.#.#.
...#.#....####......#........#...#.
...#......#...#.....#........#...#.
...#......#....#....#####....#####.

16:34:57 [main] INFO  com.misha.mrz2.Main - output -> 
16:34:57 [main] INFO  com.misha.mrz2.network.BidirectionalAssociativeMemory - iterations- 2
16:34:57 [main] INFO  com.misha.mrz2.network.Pattern - pattern -> 
................
....#######.....
..############..
.##############.
################
################
################
################
################
.##############.
..############..
.....#######....
.......##.......
.......##.......
.......##.......
.......##.......
.......##.......
.....######.....

16:34:57 [main] INFO  com.misha.mrz2.Main - input -> 
16:34:57 [main] INFO  com.misha.mrz2.network.Pattern - pattern -> 
................
................
......#.#.......
.....#...#......
....###..##.....
...#.#...#.#....
..#..#####..#...
.#####....####..
.#...........#..
.#...........#..
.#.##..#.....#..
.#.#####........
.............#..
.....##......#..
......#......#..
.#....#......#..
.#....#......#..
.#..####..####..

16:34:57 [main] INFO  com.misha.mrz2.Main - output -> 
16:34:57 [main] INFO  com.misha.mrz2.network.BidirectionalAssociativeMemory - iterations- 2
16:34:57 [main] INFO  com.misha.mrz2.network.Pattern - pattern -> 
.#....#..######..##.....##..######.
.#....#..#....#..#.#...#.#..#......
.#....#..#....#..#.#..#..#..#......
.######..#....#..#..##...#..######.
.#....#..#....#..#.......#..#......
.#....#..#....#..#.......#..#......
.#....#..#....#..#.......#..#......
.#....#..######..#.......#..######.

16:34:57 [main] INFO  com.misha.mrz2.Main - input -> 
16:34:57 [main] INFO  com.misha.mrz2.network.Pattern - pattern -> 
......#..#......
....#########...
.#..#.......#...
..###.......#...
#####..###..#...
##..#.#####.#...
........#.......
........#.......
..#######.......
........#..#....
........#.#.#...
........####....
........########
.......#.####...
......#...#.....
......#....#....
......#.....#...
#######......#..

16:34:57 [main] INFO  com.misha.mrz2.Main - output -> 
16:34:57 [main] INFO  com.misha.mrz2.network.BidirectionalAssociativeMemory - iterations- 2
16:34:57 [main] INFO  com.misha.mrz2.network.Pattern - pattern -> 
..##........##.....#.....#......#..
..#.#......#.#....#.#....##.....#..
..#..#....#..#...#...#...#.#....#..
..#...#..#...#...#...#...#..#...#..
..#....##....#..#.....#..#...#..#..
..#..........#..#######..#....#.#..
..#..........#..#.....#..#.....##..
..#..........#..#.....#..#......#..

16:34:57 [main] INFO  com.misha.mrz2.Main - input -> 
16:34:57 [main] INFO  com.misha.mrz2.network.Pattern - pattern -> 
................
....#######.....
..##...#######..
.########...###.
###..##..####.##
#######..####..#
############..##
#....###########
..###...########
.##########...#.
....##########..
.....##..###....
.......##.......
.......##.......
................
................
.......##.......
.....######.....

16:34:57 [main] INFO  com.misha.mrz2.Main - output -> 
16:34:57 [main] INFO  com.misha.mrz2.network.BidirectionalAssociativeMemory - iterations- 2
16:34:57 [main] INFO  com.misha.mrz2.network.Pattern - pattern -> 
.#####....######....#####....#####.
...#......#....#....#........#.....
...#......#....#....#........#.....
...#......######....#####....#####.
...#......#.#.......#........#.....
...#......#..#......#........#.....
...#......#...#.....#........#.....
...#......#....#....#####....#####.

